An error occurred:
Instrumentation not initialized
java.lang.IllegalStateException: Instrumentation not initialized
	at com.han.MemoryChecker$.getObjectSize(MemoryChecker.scala:13)
	at Experiment2_1_P36$.$anonfun$main$4(Experiment2_1_P36.scala:101)
	at scala.collection.immutable.Range.foreach$mVc$sp(Range.scala:190)
	at Experiment2_1_P36$.main(Experiment2_1_P36.scala:67)
	at Experiment2_1_P36.main(Experiment2_1_P36.scala)
--------------------------------------
An error occurred:
Instrumentation not initialized
java.lang.IllegalStateException: Instrumentation not initialized
	at com.han.MemoryChecker$.getObjectSize(MemoryChecker.scala:13)
	at Experiment2_1_P36$.$anonfun$main$4(Experiment2_1_P36.scala:101)
	at scala.collection.immutable.Range.foreach$mVc$sp(Range.scala:190)
	at Experiment2_1_P36$.main(Experiment2_1_P36.scala:67)
	at Experiment2_1_P36.main(Experiment2_1_P36.scala)
	at sun.reflect.NativeMethodAccessorImpl.invoke0(Native Method)
	at sun.reflect.NativeMethodAccessorImpl.invoke(NativeMethodAccessorImpl.java:62)
	at sun.reflect.DelegatingMethodAccessorImpl.invoke(DelegatingMethodAccessorImpl.java:43)
	at java.lang.reflect.Method.invoke(Method.java:498)
	at sbt.Run.invokeMain(Run.scala:143)
	at sbt.Run.execute$1(Run.scala:93)
	at sbt.Run.$anonfun$runWithLoader$5(Run.scala:120)
	at sbt.Run$.executeSuccess(Run.scala:186)
	at sbt.Run.runWithLoader(Run.scala:120)
	at sbt.Defaults$.$anonfun$bgRunTask$6(Defaults.scala:1980)
	at sbt.Defaults$.$anonfun$termWrapper$2(Defaults.scala:1919)
	at scala.runtime.java8.JFunction0$mcV$sp.apply(JFunction0$mcV$sp.java:23)
	at scala.util.Try$.apply(Try.scala:213)
	at sbt.internal.BackgroundThreadPool$BackgroundRunnable.run(DefaultBackgroundJobService.scala:366)
	at java.util.concurrent.ThreadPoolExecutor.runWorker(ThreadPoolExecutor.java:1149)
	at java.util.concurrent.ThreadPoolExecutor$Worker.run(ThreadPoolExecutor.java:624)
	at java.lang.Thread.run(Thread.java:748)
--------------------------------------
An error occurred:
Stream closed
java.io.IOException: Stream closed
	at sun.nio.cs.StreamEncoder.ensureOpen(StreamEncoder.java:45)
	at sun.nio.cs.StreamEncoder.write(StreamEncoder.java:118)
	at sun.nio.cs.StreamEncoder.write(StreamEncoder.java:135)
	at java.io.OutputStreamWriter.write(OutputStreamWriter.java:220)
	at java.io.Writer.write(Writer.java:157)
	at Experiment2_1_P36$.$anonfun$main$4(Experiment2_1_P36.scala:103)
	at scala.collection.immutable.Range.foreach$mVc$sp(Range.scala:190)
	at Experiment2_1_P36$.main(Experiment2_1_P36.scala:68)
	at Experiment2_1_P36.main(Experiment2_1_P36.scala)
--------------------------------------
An error occurred:
Stream closed
java.io.IOException: Stream closed
	at sun.nio.cs.StreamEncoder.ensureOpen(StreamEncoder.java:45)
	at sun.nio.cs.StreamEncoder.write(StreamEncoder.java:118)
	at sun.nio.cs.StreamEncoder.write(StreamEncoder.java:135)
	at java.io.OutputStreamWriter.write(OutputStreamWriter.java:220)
	at java.io.Writer.write(Writer.java:157)
	at Experiment2_1_P36$.$anonfun$main$4(Experiment2_1_P36.scala:107)
	at scala.collection.immutable.Range.foreach$mVc$sp(Range.scala:190)
	at Experiment2_1_P36$.main(Experiment2_1_P36.scala:71)
	at Experiment2_1_P36.main(Experiment2_1_P36.scala)
--------------------------------------
An error occurred:
36
java.lang.IndexOutOfBoundsException: 36
	at scala.collection.LinearSeqOps.apply(LinearSeq.scala:117)
	at scala.collection.LinearSeqOps.apply$(LinearSeq.scala:114)
	at scala.collection.immutable.List.apply(List.scala:79)
	at Experiment2_1_P36$.$anonfun$main$2(Experiment2_1_P36.scala:48)
	at Experiment2_1_P36$.$anonfun$main$2$adapted(Experiment2_1_P36.scala:46)
	at scala.collection.immutable.Range.foreach(Range.scala:190)
	at Experiment2_1_P36$.$anonfun$main$1(Experiment2_1_P36.scala:46)
	at Experiment2_1_P36$.$anonfun$main$1$adapted(Experiment2_1_P36.scala:39)
	at scala.collection.immutable.Range.foreach(Range.scala:190)
	at Experiment2_1_P36$.generateRandomQuery$1(Experiment2_1_P36.scala:39)
	at Experiment2_1_P36$.$anonfun$main$5(Experiment2_1_P36.scala:73)
	at Experiment2_1_P36$.$anonfun$main$5$adapted(Experiment2_1_P36.scala:72)
	at scala.collection.immutable.Range.foreach(Range.scala:190)
	at Experiment2_1_P36$.$anonfun$main$4(Experiment2_1_P36.scala:72)
	at scala.collection.immutable.Range.foreach$mVc$sp(Range.scala:190)
	at Experiment2_1_P36$.main(Experiment2_1_P36.scala:71)
	at Experiment2_1_P36.main(Experiment2_1_P36.scala)
--------------------------------------
An error occurred:
-1
java.lang.IndexOutOfBoundsException: -1
	at scala.collection.LinearSeqOps.apply(LinearSeq.scala:115)
	at scala.collection.LinearSeqOps.apply$(LinearSeq.scala:114)
	at scala.collection.immutable.List.apply(List.scala:79)
	at Experiment2_1_P36$.$anonfun$main$2(Experiment2_1_P36.scala:48)
	at Experiment2_1_P36$.$anonfun$main$2$adapted(Experiment2_1_P36.scala:46)
	at scala.collection.immutable.Range.foreach(Range.scala:190)
	at Experiment2_1_P36$.$anonfun$main$1(Experiment2_1_P36.scala:46)
	at Experiment2_1_P36$.$anonfun$main$1$adapted(Experiment2_1_P36.scala:39)
	at scala.collection.immutable.Range.foreach(Range.scala:190)
	at Experiment2_1_P36$.generateRandomQuery$1(Experiment2_1_P36.scala:39)
	at Experiment2_1_P36$.$anonfun$main$5(Experiment2_1_P36.scala:73)
	at Experiment2_1_P36$.$anonfun$main$5$adapted(Experiment2_1_P36.scala:72)
	at scala.collection.immutable.Range.foreach(Range.scala:190)
	at Experiment2_1_P36$.$anonfun$main$4(Experiment2_1_P36.scala:72)
	at scala.collection.immutable.Range.foreach$mVc$sp(Range.scala:190)
	at Experiment2_1_P36$.main(Experiment2_1_P36.scala:71)
	at Experiment2_1_P36.main(Experiment2_1_P36.scala)
--------------------------------------
An error occurred:
key not found: https
java.util.NoSuchElementException: key not found: https
	at scala.collection.immutable.BitmapIndexedMapNode.apply(HashMap.scala:635)
	at scala.collection.immutable.HashMap.apply(HashMap.scala:132)
	at Experiment2_1_P36$.$anonfun$main$13(Experiment2_1_P36.scala:146)
	at Experiment2_1_P36$.$anonfun$main$13$adapted(Experiment2_1_P36.scala:146)
	at scala.collection.ArrayOps$.foreach$extension(ArrayOps.scala:1328)
	at Experiment2_1_P36$.$anonfun$main$4(Experiment2_1_P36.scala:146)
	at scala.collection.immutable.Range.foreach$mVc$sp(Range.scala:190)
	at Experiment2_1_P36$.main(Experiment2_1_P36.scala:87)
	at Experiment2_1_P36.main(Experiment2_1_P36.scala)
--------------------------------------
